g:\quantumlibrary\direct2d imageviewer\imageviewer\mfcimageview\x64\debug\mfcimageview.pch
g:\quantumlibrary\direct2d imageviewer\imageviewer\mfcimageview\x64\debug\vc120.pdb
g:\quantumlibrary\direct2d imageviewer\imageviewer\mfcimageview\x64\debug\vc120.idb
g:\quantumlibrary\direct2d imageviewer\imageviewer\mfcimageview\x64\debug\stdafx.obj
g:\quantumlibrary\direct2d imageviewer\imageviewer\mfcimageview\x64\debug\dllmain.obj
g:\quantumlibrary\direct2d imageviewer\imageviewer\mfcimageview\x64\debug\imagewnd.obj
g:\quantumlibrary\direct2d imageviewer\imageviewer\x64\debug\mfcimageview.ilk
g:\quantumlibrary\direct2d imageviewer\imageviewer\x64\debug\mfcimageview.dll
g:\quantumlibrary\direct2d imageviewer\imageviewer\x64\debug\mfcimageview.pdb
g:\quantumlibrary\direct2d imageviewer\imageviewer\x64\debug\mfcimageview.lib
g:\quantumlibrary\direct2d imageviewer\imageviewer\x64\debug\mfcimageview.exp
g:\quantumlibrary\direct2d imageviewer\imageviewer\mfcimageview\x64\debug\mfcimageview.res
g:\quantumlibrary\direct2d imageviewer\imageviewer\mfcimageview\x64\debug\mfcimageview.tlog\cl.command.1.tlog
g:\quantumlibrary\direct2d imageviewer\imageviewer\mfcimageview\x64\debug\mfcimageview.tlog\cl.read.1.tlog
g:\quantumlibrary\direct2d imageviewer\imageviewer\mfcimageview\x64\debug\mfcimageview.tlog\cl.write.1.tlog
g:\quantumlibrary\direct2d imageviewer\imageviewer\mfcimageview\x64\debug\mfcimageview.tlog\link.command.1.tlog
g:\quantumlibrary\direct2d imageviewer\imageviewer\mfcimageview\x64\debug\mfcimageview.tlog\link.read.1.tlog
g:\quantumlibrary\direct2d imageviewer\imageviewer\mfcimageview\x64\debug\mfcimageview.tlog\link.write.1.tlog
g:\quantumlibrary\direct2d imageviewer\imageviewer\mfcimageview\x64\debug\mfcimageview.tlog\mfcimageview.write.1u.tlog
g:\quantumlibrary\direct2d imageviewer\imageviewer\mfcimageview\x64\debug\mfcimageview.tlog\rc.command.1.tlog
g:\quantumlibrary\direct2d imageviewer\imageviewer\mfcimageview\x64\debug\mfcimageview.tlog\rc.read.1.tlog
g:\quantumlibrary\direct2d imageviewer\imageviewer\mfcimageview\x64\debug\mfcimageview.tlog\rc.write.1.tlog
