g:\quantumlibrary\direct2d imageviewer\imageviewer\iisexplorer\x64\debug\iisexplorer.pch
g:\quantumlibrary\direct2d imageviewer\imageviewer\iisexplorer\x64\debug\vc120.pdb
g:\quantumlibrary\direct2d imageviewer\imageviewer\iisexplorer\x64\debug\vc120.idb
g:\quantumlibrary\direct2d imageviewer\imageviewer\iisexplorer\x64\debug\stdafx.obj
g:\quantumlibrary\direct2d imageviewer\imageviewer\iisexplorer\x64\debug\calendarbar.obj
g:\quantumlibrary\direct2d imageviewer\imageviewer\iisexplorer\x64\debug\iisexplorer.obj
g:\quantumlibrary\direct2d imageviewer\imageviewer\iisexplorer\x64\debug\iisexplorerdoc.obj
g:\quantumlibrary\direct2d imageviewer\imageviewer\iisexplorer\x64\debug\iisexplorerview.obj
g:\quantumlibrary\direct2d imageviewer\imageviewer\iisexplorer\x64\debug\mainfrm.obj
g:\quantumlibrary\direct2d imageviewer\imageviewer\iisexplorer\x64\debug\statisticdlg.obj
g:\quantumlibrary\direct2d imageviewer\imageviewer\x64\debug\iisexplorer.ilk
g:\quantumlibrary\direct2d imageviewer\imageviewer\x64\debug\iisexplorer.exe
g:\quantumlibrary\direct2d imageviewer\imageviewer\x64\debug\iisexplorer.pdb
g:\quantumlibrary\direct2d imageviewer\imageviewer\iisexplorer\x64\debug\iisexplorer.res
g:\quantumlibrary\direct2d imageviewer\imageviewer\iisexplorer\x64\debug\iisexplorer.tlog\cl.command.1.tlog
g:\quantumlibrary\direct2d imageviewer\imageviewer\iisexplorer\x64\debug\iisexplorer.tlog\cl.read.1.tlog
g:\quantumlibrary\direct2d imageviewer\imageviewer\iisexplorer\x64\debug\iisexplorer.tlog\cl.write.1.tlog
g:\quantumlibrary\direct2d imageviewer\imageviewer\iisexplorer\x64\debug\iisexplorer.tlog\link.command.1.tlog
g:\quantumlibrary\direct2d imageviewer\imageviewer\iisexplorer\x64\debug\iisexplorer.tlog\link.read.1.tlog
g:\quantumlibrary\direct2d imageviewer\imageviewer\iisexplorer\x64\debug\iisexplorer.tlog\link.write.1.tlog
g:\quantumlibrary\direct2d imageviewer\imageviewer\iisexplorer\x64\debug\iisexplorer.tlog\rc.command.1.tlog
g:\quantumlibrary\direct2d imageviewer\imageviewer\iisexplorer\x64\debug\iisexplorer.tlog\rc.read.1.tlog
g:\quantumlibrary\direct2d imageviewer\imageviewer\iisexplorer\x64\debug\iisexplorer.tlog\rc.write.1.tlog
