g:\quantumlibrary\direct2d imageviewer\imageviewer\imagetool\debug\imagetool.bsc
g:\quantumlibrary\direct2d imageviewer\imageviewer\imagetool\debug\imagetool.pch
g:\quantumlibrary\direct2d imageviewer\imageviewer\imagetool\debug\vc120.pdb
g:\quantumlibrary\direct2d imageviewer\imageviewer\imagetool\debug\vc120.idb
g:\quantumlibrary\direct2d imageviewer\imageviewer\imagetool\x64\debug\stdafx.sbr
g:\quantumlibrary\direct2d imageviewer\imageviewer\imagetool\debug\stdafx.obj
g:\quantumlibrary\direct2d imageviewer\imageviewer\imagetool\x64\debug\zoomdlg.sbr
g:\quantumlibrary\direct2d imageviewer\imageviewer\imagetool\x64\debug\thumbnailview.sbr
g:\quantumlibrary\direct2d imageviewer\imageviewer\imagetool\x64\debug\thresholddlg.sbr
g:\quantumlibrary\direct2d imageviewer\imageviewer\imagetool\x64\debug\selectmap.sbr
g:\quantumlibrary\direct2d imageviewer\imageviewer\imagetool\x64\debug\previewdlg.sbr
g:\quantumlibrary\direct2d imageviewer\imageviewer\imagetool\x64\debug\mainfrm.sbr
g:\quantumlibrary\direct2d imageviewer\imageviewer\imagetool\x64\debug\magnifyview.sbr
g:\quantumlibrary\direct2d imageviewer\imageviewer\imagetool\x64\debug\imageview.sbr
g:\quantumlibrary\direct2d imageviewer\imageviewer\imagetool\x64\debug\imagetoolview.sbr
g:\quantumlibrary\direct2d imageviewer\imageviewer\imagetool\x64\debug\imagetooldoc.sbr
g:\quantumlibrary\direct2d imageviewer\imageviewer\imagetool\x64\debug\imagetool.sbr
g:\quantumlibrary\direct2d imageviewer\imageviewer\imagetool\x64\debug\gammadlg.sbr
g:\quantumlibrary\direct2d imageviewer\imageviewer\imagetool\x64\debug\folderstreectrl.sbr
g:\quantumlibrary\direct2d imageviewer\imageviewer\imagetool\x64\debug\foldersdlg.sbr
g:\quantumlibrary\direct2d imageviewer\imageviewer\imagetool\x64\debug\defectpointlistctrl.sbr
g:\quantumlibrary\direct2d imageviewer\imageviewer\imagetool\debug\defectpointlistctrl.obj
g:\quantumlibrary\direct2d imageviewer\imageviewer\imagetool\debug\foldersdlg.obj
g:\quantumlibrary\direct2d imageviewer\imageviewer\imagetool\debug\folderstreectrl.obj
g:\quantumlibrary\direct2d imageviewer\imageviewer\imagetool\debug\gammadlg.obj
g:\quantumlibrary\direct2d imageviewer\imageviewer\imagetool\debug\imagetool.obj
g:\quantumlibrary\direct2d imageviewer\imageviewer\imagetool\debug\imagetooldoc.obj
g:\quantumlibrary\direct2d imageviewer\imageviewer\imagetool\debug\imagetoolview.obj
g:\quantumlibrary\direct2d imageviewer\imageviewer\imagetool\debug\imageview.obj
g:\quantumlibrary\direct2d imageviewer\imageviewer\imagetool\debug\magnifyview.obj
g:\quantumlibrary\direct2d imageviewer\imageviewer\imagetool\debug\mainfrm.obj
g:\quantumlibrary\direct2d imageviewer\imageviewer\imagetool\debug\previewdlg.obj
g:\quantumlibrary\direct2d imageviewer\imageviewer\imagetool\debug\selectmap.obj
g:\quantumlibrary\direct2d imageviewer\imageviewer\imagetool\debug\thresholddlg.obj
g:\quantumlibrary\direct2d imageviewer\imageviewer\imagetool\debug\thumbnailview.obj
g:\quantumlibrary\direct2d imageviewer\imageviewer\imagetool\debug\zoomdlg.obj
g:\quantumlibrary\direct2d imageviewer\imageviewer\x64\debug\imagetool.ilk
g:\quantumlibrary\direct2d imageviewer\imageviewer\x64\debug\imagetool.exe
g:\quantumlibrary\direct2d imageviewer\imageviewer\x64\debug\imagetool.pdb
g:\quantumlibrary\direct2d imageviewer\imageviewer\imagetool\x64\debug\imagetool.res
g:\quantumlibrary\direct2d imageviewer\imageviewer\imagetool\x64\debug\imagetool.tlog\bscmake.command.1.tlog
g:\quantumlibrary\direct2d imageviewer\imageviewer\imagetool\x64\debug\imagetool.tlog\bscmake.read.1.tlog
g:\quantumlibrary\direct2d imageviewer\imageviewer\imagetool\x64\debug\imagetool.tlog\bscmake.write.1.tlog
g:\quantumlibrary\direct2d imageviewer\imageviewer\imagetool\x64\debug\imagetool.tlog\cl.command.1.tlog
g:\quantumlibrary\direct2d imageviewer\imageviewer\imagetool\x64\debug\imagetool.tlog\cl.read.1.tlog
g:\quantumlibrary\direct2d imageviewer\imageviewer\imagetool\x64\debug\imagetool.tlog\cl.write.1.tlog
g:\quantumlibrary\direct2d imageviewer\imageviewer\imagetool\x64\debug\imagetool.tlog\link.command.1.tlog
g:\quantumlibrary\direct2d imageviewer\imageviewer\imagetool\x64\debug\imagetool.tlog\link.read.1.tlog
g:\quantumlibrary\direct2d imageviewer\imageviewer\imagetool\x64\debug\imagetool.tlog\link.write.1.tlog
g:\quantumlibrary\direct2d imageviewer\imageviewer\imagetool\x64\debug\imagetool.tlog\rc.command.1.tlog
g:\quantumlibrary\direct2d imageviewer\imageviewer\imagetool\x64\debug\imagetool.tlog\rc.read.1.tlog
g:\quantumlibrary\direct2d imageviewer\imageviewer\imagetool\x64\debug\imagetool.tlog\rc.write.1.tlog
